Removed Pin From Net: NetName=NetJ3_1 Pin=J3-1
Removed Pin From Net: NetName=GND Pin=M1-2
Removed Pin From Net: NetName=NetM1_5 Pin=M1-5
Removed Pin From Net: NetName=NetM1_6 Pin=M1-6
Removed Pin From Net: NetName=NetM1_7 Pin=M1-7
Removed Pin From Net: NetName=SDA Pin=M1-11
Removed Pin From Net: NetName=NetM1_12 Pin=M1-12
Removed Pin From Net: NetName=NetM1_13 Pin=M1-13
Removed Pin From Net: NetName=SCL Pin=M1-14
Removed Pin From Net: NetName=NetM1_20 Pin=M1-20
Removed Pin From Net: NetName=NetM1_23 Pin=M1-23
Removed Pin From Net: NetName=NetM1_24 Pin=M1-24
Removed Pin From Net: NetName=GND Pin=M1-29
Removed Pin From Net: NetName=NetM1_30 Pin=M1-30
Removed Pin From Net: NetName=3.3V Pin=P3-2
Removed Pin From Net: NetName=3.3V Pin=P4-1
Removed Pin From Net: NetName=3.3V Pin=P5-1
Removed Pin From Net: NetName=NetM1_12 Pin=P6-3
Removed Pin From Net: NetName=NetM1_13 Pin=P6-4
Removed Pin From Net: NetName=NetM1_20 Pin=P7-4
Removed Pin From Net: NetName=NetM1_5 Pin=P8-3
Removed Pin From Net: NetName=NetM1_23 Pin=PMS5003-RESET
Removed Pin From Net: NetName=NetM1_7 Pin=PMS5003-RX
Removed Pin From Net: NetName=NetM1_24 Pin=PMS5003-SET
Removed Pin From Net: NetName=NetM1_6 Pin=PMS5003-TX
Removed Pin From Net: NetName=NetJ3_1 Pin=R2-2
Removed Pin From Net: NetName=5V Pin=R3-1
Removed Pin From Net: NetName=NetM1_30 Pin=R3-2
Removed Pin From Net: NetName=NetM1_24 Pin=R4-1
Removed Pin From Net: NetName=3.3V Pin=R4-2
Removed Pin From Net: NetName=NetM1_23 Pin=R5-1
Removed Pin From Net: NetName=3.3V Pin=R5-2
Removed Member From Class: ClassName=air qulity monitor Member=M1
Removed Member From Class: ClassName=air qulity monitor Member=R6
Change Component Comment : Designator=PMS5003 Old Comment=PMS5003 PM2.5 Sensor New Comment=PMS5003
Change Component Comment : Designator=R6 Old Comment=RC0603FR-073K3L New Comment=3.3kO
Change Component Comment : Designator=C2 Old Comment=UUR1C221MNL1GS New Comment=220uF
Change Component Designator: OldDesignator=R6 NewDesignator=R3
Change component parameters: Designator = "R4"; Footprint = "RESC1005X40X25LL05T10"; UniqueID = "\FNRYMORP"
Change component parameters. Clean all parameters for all variants
Change component parameters (AddParameter): Name = "Datasheet"; Value = "https://datasheet.lcsc.com/lcsc/1809301715_YAGEO-RC0402FR-0710KL_C60490.pdf"; VariantName = "[No Variations]"
Change component parameters (AddParameter): Name = "LCSC Part #"; Value = "C60490"; VariantName = "[No Variations]"
Change component parameters (AddParameter): Name = "Manufacturer"; Value = "Yageo / Phycomp"; VariantName = "[No Variations]"
Change component parameters (AddParameter): Name = "Mfr. Part #"; Value = "RC0402FR-0710KL"; VariantName = "[No Variations]"
Change component parameters (AddParameter): Name = "Package"; Value = "0402"; VariantName = "[No Variations]"
Change component parameters (AddParameter): Name = "value"; Value = "10kO"; VariantName = "[No Variations]"
Change component parameters: Designator = "R5"; Footprint = "RESC1005X40X25LL05T10"; UniqueID = "\FXVMCFAL"
Change component parameters. Clean all parameters for all variants
Change component parameters (AddParameter): Name = "Datasheet"; Value = "https://datasheet.lcsc.com/lcsc/1809301715_YAGEO-RC0402FR-0710KL_C60490.pdf"; VariantName = "[No Variations]"
Change component parameters (AddParameter): Name = "LCSC Part #"; Value = "C60490"; VariantName = "[No Variations]"
Change component parameters (AddParameter): Name = "Manufacturer"; Value = "Yageo / Phycomp"; VariantName = "[No Variations]"
Change component parameters (AddParameter): Name = "Mfr. Part #"; Value = "RC0402FR-0710KL"; VariantName = "[No Variations]"
Change component parameters (AddParameter): Name = "Package"; Value = "0402"; VariantName = "[No Variations]"
Change component parameters (AddParameter): Name = "value"; Value = "10kO"; VariantName = "[No Variations]"
Change component parameters: Designator = "Q1"; Footprint = "2SC1384-TA"; UniqueID = "\WMPBQMGW"
Change component parameters. Clean all parameters for all variants
Change component parameters (AddParameter): Name = "Datasheet"; Value = "https://datasheet.lcsc.com/lcsc/2204131745_Jiangsu-Changjing-Electronics-Technology-Co---Ltd--2SC1384-TA_C2910422.pdf"; VariantName = "[No Variations]"
Change component parameters (AddParameter): Name = "LCSC Part #"; Value = "C2910422"; VariantName = "[No Variations]"
Change component parameters (AddParameter): Name = "Manufacturer"; Value = "Jiangsu Changjing Electronics Technology Co., Ltd."; VariantName = "[No Variations]"
Change component parameters (AddParameter): Name = "Mfr. Part #"; Value = "2SC1384-TA"; VariantName = "[No Variations]"
Change component parameters (AddParameter): Name = "Package"; Value = "TO-92-3"; VariantName = "[No Variations]"
Change component parameters: Designator = "P4"; Footprint = "HDR1X4"; UniqueID = "\MGWGTVZQ"
Change component parameters. Clean all parameters for all variants
Change component parameters: Designator = "U1"; Footprint = "FP-HLK-10M05-MFG"; UniqueID = "\TXVWNNQK"
Change component parameters. Clean all parameters for all variants
Change component parameters (AddParameter): Name = "LCSC Part#"; Value = "C403745"; VariantName = "[No Variations]"
Change component parameters (AddParameter): Name = "Manufacturer"; Value = "HI-LINK"; VariantName = "[No Variations]"
Change component parameters (AddParameter): Name = "Mfr.Part #"; Value = "HLK-10M05"; VariantName = "[No Variations]"
Change component parameters (AddParameter): Name = "Package"; Value = "Plugin"; VariantName = "[No Variations]"
Change component parameters: Designator = "PMS5003"; Footprint = "PMS5003 PM2.5 Sensor"; UniqueID = "\XGSUZVTC"
Change component parameters. Clean all parameters for all variants
Change component parameters (AddParameter): Name = "Datasheet"; Value = "https://datasheet.lcsc.com/lcsc/1810251510_Beijing-Plantower-PMS5003_C91431.pdf"; VariantName = "[No Variations]"
Change component parameters (AddParameter): Name = "LCSC Part#"; Value = "C91431"; VariantName = "[No Variations]"
Change component parameters (AddParameter): Name = "Manufacturer"; Value = "Beijing Plantower"; VariantName = "[No Variations]"
Change component parameters (AddParameter): Name = "Mfr.Part #"; Value = "PMS5003"; VariantName = "[No Variations]"
Change component parameters (AddParameter): Name = "Package"; Value = "PMS5003"; VariantName = "[No Variations]"
Change component parameters: Designator = "P6"; Footprint = "HDR1X4"; UniqueID = "\PLFOIFOP"
Change component parameters. Clean all parameters for all variants
Change component parameters (AddParameter): Name = "LCSC Part#"; Value = "C141344"; VariantName = "[No Variations]"
Change component parameters (AddParameter): Name = "Manufacturer"; Value = "Zhengzhou Winsen Elec Tech"; VariantName = "[No Variations]"
Change component parameters (AddParameter): Name = "Mfr.Part #"; Value = "ZE08-CH2O"; VariantName = "[No Variations]"
Change component parameters: Designator = "B2"; Footprint = "UU98Y10MH"; UniqueID = "\OELTDDQH"
Change component parameters. Clean all parameters for all variants
Change component parameters (AddParameter): Name = "Datasheet"; Value = "https://datasheet.lcsc.com/lcsc/1810311213_FH--Guangdong-Fenghua-Advanced-Tech-UU9-8Y-10mH_C75192.pdf"; VariantName = "[No Variations]"
Change component parameters (AddParameter): Name = "LCSC Part#"; Value = "C75192"; VariantName = "[No Variations]"
Change component parameters (AddParameter): Name = "Manufacturer"; Value = "FH (Guangdong Fenghua Advanced Tech)"; VariantName = "[No Variations]"
Change component parameters (AddParameter): Name = "Mfr.Part #"; Value = "UU9.8Y-10MH"; VariantName = "[No Variations]"
Change component parameters (AddParameter): Name = "Package"; Value = "Plugin"; VariantName = "[No Variations]"
Change component parameters: Designator = "B3"; Footprint = "3296X1223LF"; UniqueID = "\HCGTOQMW"
Change component parameters. Clean all parameters for all variants
Change component parameters (AddParameter): Name = "Datasheet"; Value = "https://datasheet.lcsc.com/lcsc/1811011704_BOCHEN-Chengdu-Guosheng-Tech-3296X-1-103_C118955.pdf"; VariantName = "[No Variations]"
Change component parameters (AddParameter): Name = "LCSC Part #"; Value = "C118955"; VariantName = "[No Variations]"
Change component parameters (AddParameter): Name = "Manufacturer"; Value = "BOCHEN(Chengdu Guosheng Tech)"; VariantName = "[No Variations]"
Change component parameters (AddParameter): Name = "Mfr. Part #"; Value = "3296X-1-103"; VariantName = "[No Variations]"
Change component parameters (AddParameter): Name = "Package"; Value = "Plugin"; VariantName = "[No Variations]"
Change component parameters: Designator = "S1"; Footprint = "SK3245SL1A"; UniqueID = "\ERZPZCPZ"
Change component parameters. Clean all parameters for all variants
Change component parameters (AddParameter): Name = "Datasheet"; Value = "https://datasheet.lcsc.com/lcsc/2002271841_XKB-Connectivity-SK-3245S-L1-A_C405951.pdf"; VariantName = "[No Variations]"
Change component parameters (AddParameter): Name = "LCSC Part#"; Value = "C405951"; VariantName = "[No Variations]"
Change component parameters (AddParameter): Name = "Manufacturer"; Value = "XKB Connectivity"; VariantName = "[No Variations]"
Change component parameters (AddParameter): Name = "Mfr.Part #"; Value = "SK-3245S-L1-A"; VariantName = "[No Variations]"
Change component parameters (AddParameter): Name = "Package"; Value = "SMD"; VariantName = "[No Variations]"
Change component parameters: Designator = "C2"; Footprint = "CAPAE830X1050N"; UniqueID = "\EIUKQBPQ"
Change component parameters. Clean all parameters for all variants
Change component parameters (AddParameter): Name = "Datasheet"; Value = "https://datasheet.lcsc.com/lcsc/2002121532_Nichicon-UUR1C221MNL1GS_C445237.pdf"; VariantName = "[No Variations]"
Change component parameters (AddParameter): Name = "LCSC Part#"; Value = "C445237"; VariantName = "[No Variations]"
Change component parameters (AddParameter): Name = "Manufacturer"; Value = "Nichicon"; VariantName = "[No Variations]"
Change component parameters (AddParameter): Name = "Mfr.Part #"; Value = "UUR1C221MNL1GS"; VariantName = "[No Variations]"
Change component parameters (AddParameter): Name = "Package"; Value = "SMD,D8xL10mm"; VariantName = "[No Variations]"
Change component parameters (AddParameter): Name = "Value"; Value = "220uF"; VariantName = "[No Variations]"
Change component parameters: Designator = "R3"; Footprint = "RESC1608X55X25ML10T15"; UniqueID = "\GNDBTAOD"
Change component parameters. Clean all parameters for all variants
Change component parameters (AddParameter): Name = "Datasheet"; Value = "https://datasheet.lcsc.com/lcsc/1811021410_YAGEO-RC0603FR-073K3L_C108078.pdf"; VariantName = "[No Variations]"
Change component parameters (AddParameter): Name = "LCSC Part #"; Value = "C108078"; VariantName = "[No Variations]"
Change component parameters (AddParameter): Name = "Manufacturer"; Value = "YAGEO"; VariantName = "[No Variations]"
Change component parameters (AddParameter): Name = "Mfr. Part #"; Value = "RC0603FR-073K3L"; VariantName = "[No Variations]"
Change component parameters (AddParameter): Name = "Package"; Value = "0603"; VariantName = "[No Variations]"
Change component parameters (AddParameter): Name = "Resistance"; Value = "3.3kO"; VariantName = "[No Variations]"
Added Component: Designator=AMS2(SOT89-150P350X150-3N)
Add component. Clean all parameters for all variants
Add component (AddParameter): Name = "Datasheet"; Value = "https://datasheet.lcsc.com/lcsc/2110121330_YONGYUTAI-AMS1117-3-3_C2904742.pdf"; VariantName = "[No Variations]"
Add component (AddParameter): Name = "LCSC Part #"; Value = "C2904742"; VariantName = "[No Variations]"
Add component (AddParameter): Name = "Manufacturer"; Value = "YONGYUTAI"; VariantName = "[No Variations]"
Add component (AddParameter): Name = "Mfr. Part #"; Value = "AMS1117-3.3"; VariantName = "[No Variations]"
Add component (AddParameter): Name = "Package"; Value = "SOT-89"; VariantName = "[No Variations]"
Added Component: Designator=B4(QFN50P400X400X80-25N-D)
Add component. Clean all parameters for all variants
Add component (AddParameter): Name = "Datasheet"; Value = "https://datasheet.lcsc.com/lcsc/2201131400_SILICON-LABS-CP2102N-A02-GQFN24R_C969151.pdf"; VariantName = "[No Variations]"
Add component (AddParameter): Name = "LCSC Part#"; Value = "C969151"; VariantName = "[No Variations]"
Add component (AddParameter): Name = "Manufacturer"; Value = "SILICON LABS"; VariantName = "[No Variations]"
Add component (AddParameter): Name = "Mfr.Part #"; Value = "CP2102N-A02-GQFN24R"; VariantName = "[No Variations]"
Add component (AddParameter): Name = "Package"; Value = "QFN-24-EP(4x4)"; VariantName = "[No Variations]"
Added Component: Designator=B5(ESP32WROOM32D)
Add component. Clean all parameters for all variants
Add component (AddParameter): Name = "Arrow Part Number"; Value = ""; VariantName = "[No Variations]"
Add component (AddParameter): Name = "Arrow Price/Stock"; Value = ""; VariantName = "[No Variations]"
Add component (AddParameter): Name = "Datasheet Link"; Value = "https://www.mouser.com/datasheet/2/891/esp32-wroom-32d_esp32-wroom-32u_datasheet_en-1365844.pdf"; VariantName = "[No Variations]"
Add component (AddParameter): Name = "Geometry.Height"; Value = "3.1mm"; VariantName = "[No Variations]"
Add component (AddParameter): Name = "Manufacturer_Name"; Value = "Espressif Systems"; VariantName = "[No Variations]"
Add component (AddParameter): Name = "Manufacturer_Part_Number"; Value = "ESP32-WROOM-32D"; VariantName = "[No Variations]"
Add component (AddParameter): Name = "Mouser Part Number"; Value = "N/A"; VariantName = "[No Variations]"
Add component (AddParameter): Name = "Mouser Price/Stock"; Value = "https://www.mouser.co.uk/ProductDetail/Espressif-Systems/ESP32-WROOM-32D?qs=MLItCLRbWszx2KabkKPu5A%3D%3D"; VariantName = "[No Variations]"
Add component (AddParameter): Name = "Mouser Testing Part Number"; Value = ""; VariantName = "[No Variations]"
Add component (AddParameter): Name = "Mouser Testing Price/Stock"; Value = ""; VariantName = "[No Variations]"
Added Component: Designator=C5(FP-CL21-IPC_A)
Add component. Clean all parameters for all variants
Add component (AddParameter): Name = "Datasheet"; Value = "https://datasheet.lcsc.com/lcsc/1810261822_Samsung-Electro-Mechanics-CL21A475KAQNNNE_C1779.pdf"; VariantName = "[No Variations]"
Add component (AddParameter): Name = "LCSC Part#"; Value = "C1779"; VariantName = "[No Variations]"
Add component (AddParameter): Name = "Manufacturer"; Value = "Samsung Electro-Mechanics"; VariantName = "[No Variations]"
Add component (AddParameter): Name = "Mfr.Part #"; Value = "CL21A475KAQNNNE"; VariantName = "[No Variations]"
Add component (AddParameter): Name = "Package"; Value = "0805"; VariantName = "[No Variations]"
Add component (AddParameter): Name = "Value"; Value = "4.7uF"; VariantName = "[No Variations]"
Added Component: Designator=C6(CAPC1050X55X23ML05T13)
Add component. Clean all parameters for all variants
Add component (AddParameter): Name = "Datasheet"; Value = "https://datasheet.lcsc.com/lcsc/1810191219_Samsung-Electro-Mechanics-CL05B104KO5NNNC_C1525.pdf"; VariantName = "[No Variations]"
Add component (AddParameter): Name = "LCSC Part#"; Value = "C1525"; VariantName = "[No Variations]"
Add component (AddParameter): Name = "Manufacturer"; Value = "Samsung Electro-Mechanics"; VariantName = "[No Variations]"
Add component (AddParameter): Name = "Mfr.Part #"; Value = "CL05B104KO5NNNC"; VariantName = "[No Variations]"
Add component (AddParameter): Name = "Package"; Value = "0402"; VariantName = "[No Variations]"
Add component (AddParameter): Name = "Value"; Value = "100nF"; VariantName = "[No Variations]"
Added Component: Designator=C7(CAPC1050X55X23ML05T13)
Add component. Clean all parameters for all variants
Add component (AddParameter): Name = "Datasheet"; Value = "https://datasheet.lcsc.com/lcsc/1810191219_Samsung-Electro-Mechanics-CL05B104KO5NNNC_C1525.pdf"; VariantName = "[No Variations]"
Add component (AddParameter): Name = "LCSC Part#"; Value = "C1525"; VariantName = "[No Variations]"
Add component (AddParameter): Name = "Manufacturer"; Value = "Samsung Electro-Mechanics"; VariantName = "[No Variations]"
Add component (AddParameter): Name = "Mfr.Part #"; Value = "CL05B104KO5NNNC"; VariantName = "[No Variations]"
Add component (AddParameter): Name = "Package"; Value = "0402"; VariantName = "[No Variations]"
Add component (AddParameter): Name = "Value"; Value = "100nF"; VariantName = "[No Variations]"
Added Component: Designator=C8(CAPC1050X55X23ML05T13)
Add component. Clean all parameters for all variants
Add component (AddParameter): Name = "Datasheet"; Value = "https://datasheet.lcsc.com/lcsc/1810191219_Samsung-Electro-Mechanics-CL05B104KO5NNNC_C1525.pdf"; VariantName = "[No Variations]"
Add component (AddParameter): Name = "LCSC Part#"; Value = "C1525"; VariantName = "[No Variations]"
Add component (AddParameter): Name = "Manufacturer"; Value = "Samsung Electro-Mechanics"; VariantName = "[No Variations]"
Add component (AddParameter): Name = "Mfr.Part #"; Value = "CL05B104KO5NNNC"; VariantName = "[No Variations]"
Add component (AddParameter): Name = "Package"; Value = "0402"; VariantName = "[No Variations]"
Add component (AddParameter): Name = "Value"; Value = "100nF"; VariantName = "[No Variations]"
Added Component: Designator=C9(CAPC1050X55X23ML05T13)
Add component. Clean all parameters for all variants
Add component (AddParameter): Name = "Datasheet"; Value = "https://datasheet.lcsc.com/lcsc/1810191219_Samsung-Electro-Mechanics-CL05B104KO5NNNC_C1525.pdf"; VariantName = "[No Variations]"
Add component (AddParameter): Name = "LCSC Part#"; Value = "C1525"; VariantName = "[No Variations]"
Add component (AddParameter): Name = "Manufacturer"; Value = "Samsung Electro-Mechanics"; VariantName = "[No Variations]"
Add component (AddParameter): Name = "Mfr.Part #"; Value = "CL05B104KO5NNNC"; VariantName = "[No Variations]"
Add component (AddParameter): Name = "Package"; Value = "0402"; VariantName = "[No Variations]"
Add component (AddParameter): Name = "Value"; Value = "100nF"; VariantName = "[No Variations]"
Added Component: Designator=C10(FP-GRM219-0_2-0_15-IPC_A)
Add component. Clean all parameters for all variants
Add component (AddParameter): Name = "Datasheet"; Value = "https://datasheet.lcsc.com/lcsc/1811141821_Murata-Electronics-GRM219R61C226ME15L_C162295.pdf"; VariantName = "[No Variations]"
Add component (AddParameter): Name = "LCSC Part #"; Value = "C162295"; VariantName = "[No Variations]"
Add component (AddParameter): Name = "Manufacturer"; Value = "Murata Electronics"; VariantName = "[No Variations]"
Add component (AddParameter): Name = "Mfr. Part #"; Value = "GRM219R61C226ME15L"; VariantName = "[No Variations]"
Add component (AddParameter): Name = "Package"; Value = "0805"; VariantName = "[No Variations]"
Add component (AddParameter): Name = "value"; Value = "22uF"; VariantName = "[No Variations]"
Added Component: Designator=C11(CAPC1005X70N)
Add component. Clean all parameters for all variants
Add component (AddParameter): Name = "Datasheet Link"; Value = "https://datasheet.datasheetarchive.com/originals/distributors/Datasheets-DGA10/2406160.pdf"; VariantName = "[No Variations]"
Add component (AddParameter): Name = "LCSC Part #"; Value = "C15525"; VariantName = "[No Variations]"
Add component (AddParameter): Name = "Manufacturer"; Value = "Samsung Electro-Mechanics"; VariantName = "[No Variations]"
Add component (AddParameter): Name = "Mfr. Part #"; Value = "CL05A106MQ5NUNC"; VariantName = "[No Variations]"
Add component (AddParameter): Name = "Package"; Value = "0402"; VariantName = "[No Variations]"
Add component (AddParameter): Name = "value"; Value = "10uF"; VariantName = "[No Variations]"
Added Component: Designator=D1(LESD5D50CT1G)
Add component. Clean all parameters for all variants
Add component (AddParameter): Name = "Datasheet"; Value = "https://datasheet.lcsc.com/lcsc/2210171730_UMW-Youtai-Semiconductor-Co---Ltd--LESD5D5-0CT1G_C5199850.pdf"; VariantName = "[No Variations]"
Add component (AddParameter): Name = "LCSC Part#"; Value = "C5199850"; VariantName = "[No Variations]"
Add component (AddParameter): Name = "Manufacturer"; Value = "UMW(Youtai Semiconductor Co., Ltd.)"; VariantName = "[No Variations]"
Add component (AddParameter): Name = "Mfr.Part #"; Value = "LESD5D5.0CT1G"; VariantName = "[No Variations]"
Add component (AddParameter): Name = "Package"; Value = "SOD-523"; VariantName = "[No Variations]"
Added Component: Designator=D2(LESD5D50CT1G)
Add component. Clean all parameters for all variants
Add component (AddParameter): Name = "Datasheet"; Value = "https://datasheet.lcsc.com/lcsc/2210171730_UMW-Youtai-Semiconductor-Co---Ltd--LESD5D5-0CT1G_C5199850.pdf"; VariantName = "[No Variations]"
Add component (AddParameter): Name = "LCSC Part#"; Value = "C5199850"; VariantName = "[No Variations]"
Add component (AddParameter): Name = "Manufacturer"; Value = "UMW(Youtai Semiconductor Co., Ltd.)"; VariantName = "[No Variations]"
Add component (AddParameter): Name = "Mfr.Part #"; Value = "LESD5D5.0CT1G"; VariantName = "[No Variations]"
Add component (AddParameter): Name = "Package"; Value = "SOD-523"; VariantName = "[No Variations]"
Added Component: Designator=D3(LESD5D50CT1G)
Add component. Clean all parameters for all variants
Add component (AddParameter): Name = "Datasheet"; Value = "https://datasheet.lcsc.com/lcsc/2210171730_UMW-Youtai-Semiconductor-Co---Ltd--LESD5D5-0CT1G_C5199850.pdf"; VariantName = "[No Variations]"
Add component (AddParameter): Name = "LCSC Part#"; Value = "C5199850"; VariantName = "[No Variations]"
Add component (AddParameter): Name = "Manufacturer"; Value = "UMW(Youtai Semiconductor Co., Ltd.)"; VariantName = "[No Variations]"
Add component (AddParameter): Name = "Mfr.Part #"; Value = "LESD5D5.0CT1G"; VariantName = "[No Variations]"
Add component (AddParameter): Name = "Package"; Value = "SOD-523"; VariantName = "[No Variations]"
Added Component: Designator=J6(AMPHENOL_10118192-0001LF)
Add component. Clean all parameters for all variants
Add component (AddParameter): Name = "Datasheet"; Value = "https://datasheet.lcsc.com/lcsc/2111290930_Amphenol-ICC-10118192-0001LF_C132564.pdf"; VariantName = "[No Variations]"
Add component (AddParameter): Name = "LCSC Part#"; Value = "C132564"; VariantName = "[No Variations]"
Add component (AddParameter): Name = "Manufacturer"; Value = "Amphenol ICC"; VariantName = "[No Variations]"
Add component (AddParameter): Name = "Mfr.Part #"; Value = "10118192-0001LF"; VariantName = "[No Variations]"
Add component (AddParameter): Name = "Package"; Value = "SMD"; VariantName = "[No Variations]"
Added Component: Designator=P10(HDR1X20)
Add component. Clean all parameters for all variants
Add component (AddParameter): Name = "LatestRevisionDate"; Value = "17-Jul-2002"; VariantName = "[No Variations]"
Add component (AddParameter): Name = "LatestRevisionNote"; Value = "Re-released for DXP Platform."; VariantName = "[No Variations]"
Add component (AddParameter): Name = "Publisher"; Value = "Altium Limited"; VariantName = "[No Variations]"
Added Component: Designator=P11(HDR1X19)
Add component. Clean all parameters for all variants
Add component (AddParameter): Name = "LatestRevisionDate"; Value = "17-Jul-2002"; VariantName = "[No Variations]"
Add component (AddParameter): Name = "LatestRevisionNote"; Value = "Re-released for DXP Platform."; VariantName = "[No Variations]"
Add component (AddParameter): Name = "Publisher"; Value = "Altium Limited"; VariantName = "[No Variations]"
Added Component: Designator=Q2(SOT95P240X115-3N)
Add component. Clean all parameters for all variants
Add component (AddParameter): Name = "Datasheet"; Value = "https://datasheet.lcsc.com/lcsc/1809211025_Jiangsu-Changjing-Electronics-Technology-Co---Ltd--SS8050-G_C164885.pdf"; VariantName = "[No Variations]"
Add component (AddParameter): Name = "LCSC Part#"; Value = "C164885"; VariantName = "[No Variations]"
Add component (AddParameter): Name = "Manufacturer"; Value = "Jiangsu Changjing Electronics Technology Co., Ltd."; VariantName = "[No Variations]"
Add component (AddParameter): Name = "Mfr.Part #"; Value = "SS8050-G"; VariantName = "[No Variations]"
Add component (AddParameter): Name = "Package"; Value = "SOT-23"; VariantName = "[No Variations]"
Added Component: Designator=Q3(SOT95P240X115-3N)
Add component. Clean all parameters for all variants
Add component (AddParameter): Name = "Datasheet"; Value = "https://datasheet.lcsc.com/lcsc/1809211025_Jiangsu-Changjing-Electronics-Technology-Co---Ltd--SS8050-G_C164885.pdf"; VariantName = "[No Variations]"
Add component (AddParameter): Name = "LCSC Part#"; Value = "C164885"; VariantName = "[No Variations]"
Add component (AddParameter): Name = "Manufacturer"; Value = "Jiangsu Changjing Electronics Technology Co., Ltd."; VariantName = "[No Variations]"
Add component (AddParameter): Name = "Mfr.Part #"; Value = "SS8050-G"; VariantName = "[No Variations]"
Add component (AddParameter): Name = "Package"; Value = "SOT-23"; VariantName = "[No Variations]"
Added Component: Designator=R6(FP-RC0402-0_4-IPC_A)
Add component. Clean all parameters for all variants
Add component (AddParameter): Name = "Datasheet"; Value = "https://www.lcsc.com/product-detail/Chip-Resistor-Surface-Mount_YAGEO-RC0402FR-070RL_C106231.html"; VariantName = "[No Variations]"
Add component (AddParameter): Name = "LCSC Part #"; Value = "C106231"; VariantName = "[No Variations]"
Add component (AddParameter): Name = "Manufacturer"; Value = "Yageo"; VariantName = "[No Variations]"
Add component (AddParameter): Name = "Mfr. Part #"; Value = "RC0402FR-070RL"; VariantName = "[No Variations]"
Add component (AddParameter): Name = "Package"; Value = "0402"; VariantName = "[No Variations]"
Add component (AddParameter): Name = "value"; Value = "0R"; VariantName = "[No Variations]"
Added Component: Designator=R7(FP-RC0402-0_4-IPC_A)
Add component. Clean all parameters for all variants
Add component (AddParameter): Name = "Datasheet"; Value = "https://www.lcsc.com/product-detail/Chip-Resistor-Surface-Mount_YAGEO-RC0402FR-070RL_C106231.html"; VariantName = "[No Variations]"
Add component (AddParameter): Name = "LCSC Part #"; Value = "C106231"; VariantName = "[No Variations]"
Add component (AddParameter): Name = "Manufacturer"; Value = "Yageo"; VariantName = "[No Variations]"
Add component (AddParameter): Name = "Mfr. Part #"; Value = "RC0402FR-070RL"; VariantName = "[No Variations]"
Add component (AddParameter): Name = "Package"; Value = "0402"; VariantName = "[No Variations]"
Add component (AddParameter): Name = "value"; Value = "0R"; VariantName = "[No Variations]"
Added Component: Designator=R8(FP-RC0402-0_4-IPC_A)
Add component. Clean all parameters for all variants
Add component (AddParameter): Name = "Datasheet"; Value = "https://www.lcsc.com/product-detail/Chip-Resistor-Surface-Mount_YAGEO-RC0402FR-070RL_C106231.html"; VariantName = "[No Variations]"
Add component (AddParameter): Name = "LCSC Part #"; Value = "C106231"; VariantName = "[No Variations]"
Add component (AddParameter): Name = "Manufacturer"; Value = "Yageo"; VariantName = "[No Variations]"
Add component (AddParameter): Name = "Mfr. Part #"; Value = "RC0402FR-070RL"; VariantName = "[No Variations]"
Add component (AddParameter): Name = "Package"; Value = "0402"; VariantName = "[No Variations]"
Add component (AddParameter): Name = "value"; Value = "0R"; VariantName = "[No Variations]"
Added Component: Designator=R9(FP-RC0402-0_4-IPC_B)
Add component. Clean all parameters for all variants
Add component (AddParameter): Name = "Datasheet"; Value = "https://datasheet.lcsc.com/lcsc/1810241338_YAGEO-RC0402FR-0722K1L_C163478.pdf"; VariantName = "[No Variations]"
Add component (AddParameter): Name = "LCSC Part#"; Value = "C163478"; VariantName = "[No Variations]"
Add component (AddParameter): Name = "Manufacturer"; Value = "YAGEO"; VariantName = "[No Variations]"
Add component (AddParameter): Name = "Mfr.Part #"; Value = "RC0402FR-0722K1L"; VariantName = "[No Variations]"
Add component (AddParameter): Name = "Package"; Value = "0402"; VariantName = "[No Variations]"
Add component (AddParameter): Name = "Value"; Value = "22.1kO"; VariantName = "[No Variations]"
Added Component: Designator=R10(RESC1005X40X25NL05T10)
Add component. Clean all parameters for all variants
Add component (AddParameter): Name = "Datasheet"; Value = "https://datasheet.lcsc.com/lcsc/1810241332_YAGEO-RC0402FR-0747K5L_C137974.pdf"; VariantName = "[No Variations]"
Add component (AddParameter): Name = "LCSC Part#"; Value = "C137974"; VariantName = "[No Variations]"
Add component (AddParameter): Name = "Manufacturer"; Value = "YAGEO"; VariantName = "[No Variations]"
Add component (AddParameter): Name = "Mfr.Part #"; Value = "RC0402FR-0747K5L"; VariantName = "[No Variations]"
Add component (AddParameter): Name = "Package"; Value = "0402"; VariantName = "[No Variations]"
Add component (AddParameter): Name = "Value"; Value = "47.5kO"; VariantName = "[No Variations]"
Added Component: Designator=R11(FP-RC_L0402-MFG)
Add component. Clean all parameters for all variants
Add component (AddParameter): Name = "ComponentLink2Description"; Value = "Datasheet"; VariantName = "[No Variations]"
Add component (AddParameter): Name = "ComponentLink2URL"; Value = "http://www.yageo.com/documents/recent/PYu-RC_Group_51_RoHS_L_9.pdf"; VariantName = "[No Variations]"
Add component (AddParameter): Name = "LCSC Part#"; Value = "C60488"; VariantName = "[No Variations]"
Add component (AddParameter): Name = "Manufacturer"; Value = "YAGEO"; VariantName = "[No Variations]"
Add component (AddParameter): Name = "Mfr.Part #"; Value = "RESC10050X35"; VariantName = "[No Variations]"
Add component (AddParameter): Name = "Package"; Value = "0402"; VariantName = "[No Variations]"
Add component (AddParameter): Name = "Value"; Value = "2kO"; VariantName = "[No Variations]"
Added Component: Designator=R12(RESC1005X40X25LL05T10)
Add component. Clean all parameters for all variants
Add component (AddParameter): Name = "LCSC Part#"; Value = "C60490"; VariantName = "[No Variations]"
Add component (AddParameter): Name = "Manufacturer"; Value = "YAGEO"; VariantName = "[No Variations]"
Add component (AddParameter): Name = "Mfr.Part #"; Value = "RC0402FR-0710KL"; VariantName = "[No Variations]"
Add component (AddParameter): Name = "Package"; Value = "0402"; VariantName = "[No Variations]"
Add component (AddParameter): Name = "Value"; Value = "10kO"; VariantName = "[No Variations]"
Added Component: Designator=R13(RESC1005X40X25LL05T10)
Add component. Clean all parameters for all variants
Add component (AddParameter): Name = "LCSC Part#"; Value = "C60490"; VariantName = "[No Variations]"
Add component (AddParameter): Name = "Manufacturer"; Value = "YAGEO"; VariantName = "[No Variations]"
Add component (AddParameter): Name = "Mfr.Part #"; Value = "RC0402FR-0710KL"; VariantName = "[No Variations]"
Add component (AddParameter): Name = "Package"; Value = "0402"; VariantName = "[No Variations]"
Add component (AddParameter): Name = "Value"; Value = "10kO"; VariantName = "[No Variations]"
Added Component: Designator=R14(RESC1005X40X25LL05T10)
Add component. Clean all parameters for all variants
Add component (AddParameter): Name = "LCSC Part#"; Value = "C60490"; VariantName = "[No Variations]"
Add component (AddParameter): Name = "Manufacturer"; Value = "YAGEO"; VariantName = "[No Variations]"
Add component (AddParameter): Name = "Mfr.Part #"; Value = "RC0402FR-0710KL"; VariantName = "[No Variations]"
Add component (AddParameter): Name = "Package"; Value = "0402"; VariantName = "[No Variations]"
Add component (AddParameter): Name = "Value"; Value = "10kO"; VariantName = "[No Variations]"
Added Component: Designator=R15(RESC1005X40X25ML05T10)
Add component. Clean all parameters for all variants
Add component (AddParameter): Name = "Datasheet"; Value = "https://datasheet.lcsc.com/lcsc/2201121700_YAGEO-RC0402FR-07100RL_C2935235.pdf"; VariantName = "[No Variations]"
Add component (AddParameter): Name = "LCSC Part#"; Value = "C2935235"; VariantName = "[No Variations]"
Add component (AddParameter): Name = "Manufacturer"; Value = "YAGEO"; VariantName = "[No Variations]"
Add component (AddParameter): Name = "Mfr.Part #"; Value = "RC0402FR-07100RL"; VariantName = "[No Variations]"
Add component (AddParameter): Name = "Package"; Value = "0402"; VariantName = "[No Variations]"
Add component (AddParameter): Name = "Value"; Value = "100O"; VariantName = "[No Variations]"
Added Component: Designator=R16(RESC1005X40X25ML05T10)
Add component. Clean all parameters for all variants
Add component (AddParameter): Name = "Datasheet"; Value = "https://datasheet.lcsc.com/lcsc/2201121700_YAGEO-RC0402FR-07100RL_C2935235.pdf"; VariantName = "[No Variations]"
Add component (AddParameter): Name = "LCSC Part#"; Value = "C2935235"; VariantName = "[No Variations]"
Add component (AddParameter): Name = "Manufacturer"; Value = "YAGEO"; VariantName = "[No Variations]"
Add component (AddParameter): Name = "Mfr.Part #"; Value = "RC0402FR-07100RL"; VariantName = "[No Variations]"
Add component (AddParameter): Name = "Package"; Value = "0402"; VariantName = "[No Variations]"
Add component (AddParameter): Name = "Value"; Value = "100O"; VariantName = "[No Variations]"
Added Component: Designator=R17(RESC1005X40X25ML05T10)
Add component. Clean all parameters for all variants
Add component (AddParameter): Name = "Datasheet"; Value = "https://datasheet.lcsc.com/lcsc/2201121700_YAGEO-RC0402FR-07100RL_C2935235.pdf"; VariantName = "[No Variations]"
Add component (AddParameter): Name = "LCSC Part#"; Value = "C2935235"; VariantName = "[No Variations]"
Add component (AddParameter): Name = "Manufacturer"; Value = "YAGEO"; VariantName = "[No Variations]"
Add component (AddParameter): Name = "Mfr.Part #"; Value = "RC0402FR-07100RL"; VariantName = "[No Variations]"
Add component (AddParameter): Name = "Package"; Value = "0402"; VariantName = "[No Variations]"
Add component (AddParameter): Name = "Value"; Value = "100O"; VariantName = "[No Variations]"
Added Component: Designator=R18(RESC1005X40X25ML05T10)
Add component. Clean all parameters for all variants
Add component (AddParameter): Name = "Datasheet"; Value = "https://datasheet.lcsc.com/lcsc/2201121700_YAGEO-RC0402FR-07100RL_C2935235.pdf"; VariantName = "[No Variations]"
Add component (AddParameter): Name = "LCSC Part#"; Value = "C2935235"; VariantName = "[No Variations]"
Add component (AddParameter): Name = "Manufacturer"; Value = "YAGEO"; VariantName = "[No Variations]"
Add component (AddParameter): Name = "Mfr.Part #"; Value = "RC0402FR-07100RL"; VariantName = "[No Variations]"
Add component (AddParameter): Name = "Package"; Value = "0402"; VariantName = "[No Variations]"
Add component (AddParameter): Name = "Value"; Value = "100O"; VariantName = "[No Variations]"
Added Component: Designator=R19(RESC1005X40X25LL05T10)
Add component. Clean all parameters for all variants
Add component (AddParameter): Name = "LCSC Part#"; Value = "C60490"; VariantName = "[No Variations]"
Add component (AddParameter): Name = "Manufacturer"; Value = "YAGEO"; VariantName = "[No Variations]"
Add component (AddParameter): Name = "Mfr.Part #"; Value = "RC0402FR-0710KL"; VariantName = "[No Variations]"
Add component (AddParameter): Name = "Package"; Value = "0402"; VariantName = "[No Variations]"
Add component (AddParameter): Name = "Value"; Value = "10kO"; VariantName = "[No Variations]"
Added Component: Designator=R20(FP-RC0402-0_4-IPC_A)
Add component. Clean all parameters for all variants
Add component (AddParameter): Name = "Datasheet"; Value = "https://www.lcsc.com/product-detail/Chip-Resistor-Surface-Mount_YAGEO-RC0402FR-070RL_C106231.html"; VariantName = "[No Variations]"
Add component (AddParameter): Name = "LCSC Part #"; Value = "C106231"; VariantName = "[No Variations]"
Add component (AddParameter): Name = "Manufacturer"; Value = "Yageo"; VariantName = "[No Variations]"
Add component (AddParameter): Name = "Mfr. Part #"; Value = "RC0402FR-070RL"; VariantName = "[No Variations]"
Add component (AddParameter): Name = "Package"; Value = "0402"; VariantName = "[No Variations]"
Add component (AddParameter): Name = "value"; Value = "0R"; VariantName = "[No Variations]"
Added Component: Designator=R21(FP-RC0402-0_4-IPC_A)
Add component. Clean all parameters for all variants
Add component (AddParameter): Name = "Datasheet"; Value = "https://www.lcsc.com/product-detail/Chip-Resistor-Surface-Mount_YAGEO-RC0402FR-070RL_C106231.html"; VariantName = "[No Variations]"
Add component (AddParameter): Name = "LCSC Part #"; Value = "C106231"; VariantName = "[No Variations]"
Add component (AddParameter): Name = "Manufacturer"; Value = "Yageo"; VariantName = "[No Variations]"
Add component (AddParameter): Name = "Mfr. Part #"; Value = "RC0402FR-070RL"; VariantName = "[No Variations]"
Add component (AddParameter): Name = "Package"; Value = "0402"; VariantName = "[No Variations]"
Add component (AddParameter): Name = "value"; Value = "0R"; VariantName = "[No Variations]"
Added Component: Designator=R?(FP-RC0402-0_4-IPC_A)
Add component. Clean all parameters for all variants
Add component (AddParameter): Name = "Datasheet"; Value = "https://www.lcsc.com/product-detail/Chip-Resistor-Surface-Mount_YAGEO-RC0402FR-070RL_C106231.html"; VariantName = "[No Variations]"
Add component (AddParameter): Name = "LCSC Part #"; Value = "C106231"; VariantName = "[No Variations]"
Add component (AddParameter): Name = "Manufacturer"; Value = "Yageo"; VariantName = "[No Variations]"
Add component (AddParameter): Name = "Mfr. Part #"; Value = "RC0402FR-070RL"; VariantName = "[No Variations]"
Add component (AddParameter): Name = "Package"; Value = "0402"; VariantName = "[No Variations]"
Add component (AddParameter): Name = "value"; Value = "0R"; VariantName = "[No Variations]"
Added Component: Designator=S2(TL1105AF160Q)
Add component. Clean all parameters for all variants
Add component (AddParameter): Name = "Datasheet"; Value = "https://datasheet.lcsc.com/lcsc/1809291031_E-Switch-TL1105AF160Q_C273465.pdf"; VariantName = "[No Variations]"
Add component (AddParameter): Name = "LCSC Part#"; Value = "C273465"; VariantName = "[No Variations]"
Add component (AddParameter): Name = "Manufacturer"; Value = "E-Switch"; VariantName = "[No Variations]"
Add component (AddParameter): Name = "Mfr.Part #"; Value = "TL1105AF160Q"; VariantName = "[No Variations]"
Add component (AddParameter): Name = "Package"; Value = "Plugin,6x6mm"; VariantName = "[No Variations]"
Added Component: Designator=S3(TL1105AF160Q)
Add component. Clean all parameters for all variants
Add component (AddParameter): Name = "Datasheet"; Value = "https://datasheet.lcsc.com/lcsc/1809291031_E-Switch-TL1105AF160Q_C273465.pdf"; VariantName = "[No Variations]"
Add component (AddParameter): Name = "LCSC Part#"; Value = "C273465"; VariantName = "[No Variations]"
Add component (AddParameter): Name = "Manufacturer"; Value = "E-Switch"; VariantName = "[No Variations]"
Add component (AddParameter): Name = "Mfr.Part #"; Value = "TL1105AF160Q"; VariantName = "[No Variations]"
Add component (AddParameter): Name = "Package"; Value = "Plugin,6x6mm"; VariantName = "[No Variations]"
Added Pin To Net: NetName=GND Pin=AMS2-1
Added Pin To Net: NetName=GND Pin=B4-2
Added Pin To Net: NetName=NetM1_6 Pin=B4-6
Added Pin To Net: NetName=NetM1_6 Pin=B4-7
Added Pin To Net: NetName=NetM1_24 Pin=B4-19
Added Pin To Net: NetName=GND Pin=B4-25
Added Pin To Net: NetName=GND Pin=B5-1
Added Pin To Net: NetName=NetM1_6 Pin=B5-2
Added Pin To Net: NetName=NetJ3_1 Pin=B5-4
Added Pin To Net: NetName=NetM1_5 Pin=B5-5
Added Pin To Net: NetName=GND Pin=B5-15
Added Pin To Net: NetName=NetM1_13 Pin=B5-17
Added Pin To Net: NetName=NetM1_12 Pin=B5-18
Added Pin To Net: NetName=NetM1_23 Pin=B5-21
Added Pin To Net: NetName=NetM1_20 Pin=B5-22
Added Pin To Net: NetName=SDA Pin=B5-33
Added Pin To Net: NetName=SCL Pin=B5-36
Added Pin To Net: NetName=GND Pin=B5-38
Added Pin To Net: NetName=GND Pin=B5-39
Added Pin To Net: NetName=GND Pin=C5-1
Added Pin To Net: NetName=NetM1_6 Pin=C5-2
Added Pin To Net: NetName=GND Pin=C6-1
Added Pin To Net: NetName=NetM1_6 Pin=C6-2
Added Pin To Net: NetName=GND Pin=C9-2
Added Pin To Net: NetName=GND Pin=C10-2
Added Pin To Net: NetName=GND Pin=C11-1
Added Pin To Net: NetName=GND Pin=D1-2
Added Pin To Net: NetName=GND Pin=D2-2
Added Pin To Net: NetName=NetM1_7 Pin=D3-1
Added Pin To Net: NetName=GND Pin=D3-2
Added Pin To Net: NetName=NetM1_7 Pin=J6-1
Added Pin To Net: NetName=NetM1_30 Pin=J6-4
Added Pin To Net: NetName=GND Pin=J6-5
Added Pin To Net: NetName=GND Pin=J6-SH1
Added Pin To Net: NetName=GND Pin=J6-SH2
Added Pin To Net: NetName=GND Pin=J6-SH3
Added Pin To Net: NetName=GND Pin=J6-SH4
Added Pin To Net: NetName=GND Pin=J6-SH5
Added Pin To Net: NetName=GND Pin=J6-SH6
Added Pin To Net: NetName=NetM1_12 Pin=P10-3
Added Pin To Net: NetName=NetM1_13 Pin=P10-4
Added Pin To Net: NetName=GND Pin=P10-6
Added Pin To Net: NetName=NetM1_5 Pin=P10-16
Added Pin To Net: NetName=NetJ3_1 Pin=P10-17
Added Pin To Net: NetName=NetM1_6 Pin=P10-19
Added Pin To Net: NetName=GND Pin=P10-20
Added Pin To Net: NetName=GND Pin=P11-1
Added Pin To Net: NetName=GND Pin=P11-2
Added Pin To Net: NetName=SCL Pin=P11-4
Added Pin To Net: NetName=SDA Pin=P11-7
Added Pin To Net: NetName=NetM1_20 Pin=P11-18
Added Pin To Net: NetName=NetM1_23 Pin=P11-19
Added Pin To Net: NetName=NetM1_24 Pin=Q2-2
Added Pin To Net: NetName=NetM1_6 Pin=R8-1
Added Pin To Net: NetName=NetM1_7 Pin=R9-1
Added Pin To Net: NetName=GND Pin=R10-1
Added Pin To Net: NetName=NetM1_6 Pin=R11-1
Added Pin To Net: NetName=GND Pin=R12-2
Added Pin To Net: NetName=NetM1_24 Pin=R14-1
Added Pin To Net: NetName=NetM1_6 Pin=R19-2
Added Pin To Net: NetName=NetM1_7 Pin=R20-2
Added Pin To Net: NetName=NetM1_6 Pin=R21-2
Added Pin To Net: NetName=NetM1_30 Pin=R?-1
Added Pin To Net: NetName=GND Pin=R?-2
Added Pin To Net: NetName=GND Pin=S2-1
Added Pin To Net: NetName=GND Pin=S3-1
Change Net Name : Old Net Name=3.3V New Net Name=NetAMS1_2
Change Net Name : Old Net Name=NetJ3_1 New Net Name=VP
Change Net Name : Old Net Name=NetM1_5 New Net Name=VN
Change Net Name : Old Net Name=NetM1_6 New Net Name=VDD3V3
Change Net Name : Old Net Name=NetM1_7 New Net Name=Vcc5V
Change Net Name : Old Net Name=NetM1_12 New Net Name=SD3
Change Net Name : Old Net Name=NetM1_13 New Net Name=SD2
Change Net Name : Old Net Name=NetM1_20 New Net Name=SD1
Change Net Name : Old Net Name=NetM1_23 New Net Name=SD0
Change Net Name : Old Net Name=NetM1_24 New Net Name=RST
Change Net Name : Old Net Name=NetM1_30 New Net Name=OTG ID
Added Pin To Net: NetName=3.3V Pin=J3-1
Added Pin To Net: NetName=3.3V Pin=P3-2
Added Pin To Net: NetName=3.3V Pin=P4-1
Added Pin To Net: NetName=3.3V Pin=P5-1
Added Pin To Net: NetName=3.3V Pin=R2-2
Added Pin To Net: NetName=3.3V Pin=R4-2
Added Pin To Net: NetName=3.3V Pin=R5-1
Added Net: Name=3.3V
Added Pin To Net: NetName=Boot Pin=B5-25
Added Pin To Net: NetName=Boot Pin=P11-15
Added Pin To Net: NetName=Boot Pin=Q3-3
Added Pin To Net: NetName=Boot Pin=S3-4
Added Net: Name=Boot
Added Pin To Net: NetName=CLK Pin=B5-20
Added Pin To Net: NetName=CLK Pin=P10-1
Added Net: Name=CLK
Added Pin To Net: NetName=CMD Pin=B5-19
Added Pin To Net: NetName=CMD Pin=P10-2
Added Net: Name=CMD
Added Pin To Net: NetName=D+ Pin=B4-3
Added Pin To Net: NetName=D+ Pin=D1-1
Added Pin To Net: NetName=D+ Pin=J6-3
Added Net: Name=D+
Added Pin To Net: NetName=D- Pin=B4-4
Added Pin To Net: NetName=D- Pin=D2-1
Added Pin To Net: NetName=D- Pin=J6-2
Added Net: Name=D-
Added Pin To Net: NetName=DTR Pin=B4-23
Added Pin To Net: NetName=DTR Pin=Q3-2
Added Pin To Net: NetName=DTR Pin=R13-1
Added Net: Name=DTR
Added Pin To Net: NetName=Enable Pin=B5-3
Added Pin To Net: NetName=Enable Pin=C9-1
Added Pin To Net: NetName=Enable Pin=P10-18
Added Pin To Net: NetName=Enable Pin=Q2-3
Added Pin To Net: NetName=Enable Pin=R19-1
Added Pin To Net: NetName=Enable Pin=S2-4
Added Net: Name=Enable
Added Pin To Net: NetName=IO2 Pin=B5-24
Added Pin To Net: NetName=IO2 Pin=P11-16
Added Net: Name=IO2
Added Pin To Net: NetName=IO4 Pin=B5-26
Added Pin To Net: NetName=IO4 Pin=P8-3
Added Pin To Net: NetName=IO4 Pin=P11-14
Added Net: Name=IO4
Added Pin To Net: NetName=IO5 Pin=B5-29
Added Pin To Net: NetName=IO5 Pin=P11-11
Added Net: Name=IO5
Added Pin To Net: NetName=IO12 Pin=P10-7
Added Pin To Net: NetName=IO12 Pin=R16-1
Added Net: Name=IO12
Added Pin To Net: NetName=IO13 Pin=P10-5
Added Pin To Net: NetName=IO13 Pin=R17-1
Added Net: Name=IO13
Added Pin To Net: NetName=IO14 Pin=P10-8
Added Pin To Net: NetName=IO14 Pin=R15-1
Added Net: Name=IO14
Added Pin To Net: NetName=IO15 Pin=P11-17
Added Pin To Net: NetName=IO15 Pin=R18-2
Added Net: Name=IO15
Added Pin To Net: NetName=IO18 Pin=B5-30
Added Pin To Net: NetName=IO18 Pin=P11-10
Added Net: Name=IO18
Added Pin To Net: NetName=IO19 Pin=B5-31
Added Pin To Net: NetName=IO19 Pin=P11-9
Added Net: Name=IO19
Added Pin To Net: NetName=IO23 Pin=B5-37
Added Pin To Net: NetName=IO23 Pin=P11-3
Added Net: Name=IO23
Added Pin To Net: NetName=IO25 Pin=B5-10
Added Pin To Net: NetName=IO25 Pin=P10-11
Added Pin To Net: NetName=IO25 Pin=PMS5003-RESET
Added Pin To Net: NetName=IO25 Pin=R5-2
Added Net: Name=IO25
Added Pin To Net: NetName=IO26 Pin=B5-11
Added Pin To Net: NetName=IO26 Pin=P10-10
Added Pin To Net: NetName=IO26 Pin=PMS5003-SET
Added Pin To Net: NetName=IO26 Pin=R4-1
Added Net: Name=IO26
Added Pin To Net: NetName=IO27 Pin=B5-12
Added Pin To Net: NetName=IO27 Pin=P10-9
Added Net: Name=IO27
Added Pin To Net: NetName=IO32 Pin=B5-8
Added Pin To Net: NetName=IO32 Pin=P10-13
Added Net: Name=IO32
Added Pin To Net: NetName=IO33 Pin=B5-9
Added Pin To Net: NetName=IO33 Pin=P10-12
Added Net: Name=IO33
Added Pin To Net: NetName=IO34 Pin=B5-6
Added Pin To Net: NetName=IO34 Pin=P10-15
Added Net: Name=IO34
Added Pin To Net: NetName=IO35 Pin=B5-7
Added Pin To Net: NetName=IO35 Pin=P7-4
Added Pin To Net: NetName=IO35 Pin=P10-14
Added Net: Name=IO35
Added Pin To Net: NetName=NC Pin=B5-32
Added Pin To Net: NetName=NC Pin=P11-8
Added Net: Name=NC
Added Pin To Net: NetName=NetAMS2_2 Pin=AMS2-2
Added Pin To Net: NetName=NetAMS2_2 Pin=C10-1
Added Pin To Net: NetName=NetAMS2_2 Pin=R21-1
Added Net: Name=NetAMS2_2
Added Pin To Net: NetName=NetAMS2_3 Pin=AMS2-3
Added Pin To Net: NetName=NetAMS2_3 Pin=C11-2
Added Pin To Net: NetName=NetAMS2_3 Pin=R20-1
Added Net: Name=NetAMS2_3
Added Pin To Net: NetName=NetB4_5 Pin=B4-5
Added Pin To Net: NetName=NetB4_5 Pin=R8-2
Added Net: Name=NetB4_5
Added Pin To Net: NetName=NetB4_8 Pin=B4-8
Added Pin To Net: NetName=NetB4_8 Pin=R9-2
Added Pin To Net: NetName=NetB4_8 Pin=R10-2
Added Net: Name=NetB4_8
Added Pin To Net: NetName=NetB4_9 Pin=B4-9
Added Pin To Net: NetName=NetB4_9 Pin=R11-2
Added Net: Name=NetB4_9
Added Pin To Net: NetName=NetB4_15 Pin=B4-15
Added Pin To Net: NetName=NetB4_15 Pin=R12-1
Added Net: Name=NetB4_15
Added Pin To Net: NetName=NetB4_20 Pin=B4-20
Added Pin To Net: NetName=NetB4_20 Pin=R6-1
Added Net: Name=NetB4_20
Added Pin To Net: NetName=NetB4_21 Pin=B4-21
Added Pin To Net: NetName=NetB4_21 Pin=R7-1
Added Net: Name=NetB4_21
Added Pin To Net: NetName=NetB5_13 Pin=B5-13
Added Pin To Net: NetName=NetB5_13 Pin=R15-2
Added Net: Name=NetB5_13
Added Pin To Net: NetName=NetB5_14 Pin=B5-14
Added Pin To Net: NetName=NetB5_14 Pin=R16-2
Added Net: Name=NetB5_14
Added Pin To Net: NetName=NetB5_16 Pin=B5-16
Added Pin To Net: NetName=NetB5_16 Pin=R17-2
Added Net: Name=NetB5_16
Added Pin To Net: NetName=NetB5_23 Pin=B5-23
Added Pin To Net: NetName=NetB5_23 Pin=R18-1
Added Net: Name=NetB5_23
Added Pin To Net: NetName=NetC7_1 Pin=C7-1
Added Pin To Net: NetName=NetC7_1 Pin=S2-2
Added Net: Name=NetC7_1
Added Pin To Net: NetName=NetC7_2 Pin=C7-2
Added Pin To Net: NetName=NetC7_2 Pin=S2-3
Added Net: Name=NetC7_2
Added Pin To Net: NetName=NetC8_1 Pin=C8-1
Added Pin To Net: NetName=NetC8_1 Pin=S3-2
Added Net: Name=NetC8_1
Added Pin To Net: NetName=NetC8_2 Pin=C8-2
Added Pin To Net: NetName=NetC8_2 Pin=S3-3
Added Net: Name=NetC8_2
Added Pin To Net: NetName=NetQ2_1 Pin=Q2-1
Added Pin To Net: NetName=NetQ2_1 Pin=R13-2
Added Net: Name=NetQ2_1
Added Pin To Net: NetName=NetQ3_1 Pin=Q3-1
Added Pin To Net: NetName=NetQ3_1 Pin=R14-2
Added Net: Name=NetQ3_1
Added Pin To Net: NetName=RX0 Pin=B5-34
Added Pin To Net: NetName=RX0 Pin=P6-3
Added Pin To Net: NetName=RX0 Pin=P11-6
Added Pin To Net: NetName=RX0 Pin=R7-2
Added Net: Name=RX0
Added Pin To Net: NetName=RXD2 Pin=B5-27
Added Pin To Net: NetName=RXD2 Pin=P11-13
Added Pin To Net: NetName=RXD2 Pin=PMS5003-TX
Added Net: Name=RXD2
Added Pin To Net: NetName=TX0 Pin=B5-35
Added Pin To Net: NetName=TX0 Pin=P6-4
Added Pin To Net: NetName=TX0 Pin=P11-5
Added Pin To Net: NetName=TX0 Pin=R6-2
Added Net: Name=TX0
Added Pin To Net: NetName=TXD2 Pin=B5-28
Added Pin To Net: NetName=TXD2 Pin=P11-12
Added Pin To Net: NetName=TXD2 Pin=PMS5003-RX
Added Net: Name=TXD2
Change Class Name : Old Net Name=air qulity monitor New Net Name=air qulity monitor add esp32 chip
Added Class: Name=ESP32 module desing
Added Room: Name=air qulity monitor add esp32 chip
Added Room: Name=ESP32 module desing
