Added Component: Designator=AMS1117(SOT89-150P350X150-3N)
Add component. Clean all parameters for all variants
Add component (AddParameter): Name = "Datasheet"; Value = "https://datasheet.lcsc.com/lcsc/2110121330_YONGYUTAI-AMS1117-3-3_C2904742.pdf"; VariantName = "[No Variations]"
Add component (AddParameter): Name = "LCSC Part #"; Value = "C2904742"; VariantName = "[No Variations]"
Add component (AddParameter): Name = "Manufacturer"; Value = "YONGYUTAI"; VariantName = "[No Variations]"
Add component (AddParameter): Name = "Mfr. Part #"; Value = "AMS1117-3.3"; VariantName = "[No Variations]"
Add component (AddParameter): Name = "Package"; Value = "SOT-89"; VariantName = "[No Variations]"
Added Component: Designator=C1(CAPC1005X70N)
Add component. Clean all parameters for all variants
Add component (AddParameter): Name = "Datasheet Link"; Value = "https://datasheet.datasheetarchive.com/originals/distributors/Datasheets-DGA10/2406160.pdf"; VariantName = "[No Variations]"
Add component (AddParameter): Name = "LCSC Part #"; Value = "187-CL05A106MQ5NUNC"; VariantName = "[No Variations]"
Add component (AddParameter): Name = "Manufacturer"; Value = "Samsung Electro-Mechanics"; VariantName = "[No Variations]"
Add component (AddParameter): Name = "Mfr. Part #"; Value = "CL05A106MQ5NUNC"; VariantName = "[No Variations]"
Add component (AddParameter): Name = "Package"; Value = "0402"; VariantName = "[No Variations]"
Add component (AddParameter): Name = "value"; Value = "10uF"; VariantName = "[No Variations]"
Added Component: Designator=C2(FP-GRM219-0_2-0_15-IPC_A)
Add component. Clean all parameters for all variants
Add component (AddParameter): Name = "Datasheet"; Value = "https://datasheet.lcsc.com/lcsc/1811141821_Murata-Electronics-GRM219R61C226ME15L_C162295.pdf"; VariantName = "[No Variations]"
Add component (AddParameter): Name = "LCSC Part #"; Value = "C162295"; VariantName = "[No Variations]"
Add component (AddParameter): Name = "Manufacturer"; Value = "Murata Electronics"; VariantName = "[No Variations]"
Add component (AddParameter): Name = "Mfr. Part #"; Value = "GRM219R61C226ME15L"; VariantName = "[No Variations]"
Add component (AddParameter): Name = "Package"; Value = "0805"; VariantName = "[No Variations]"
Add component (AddParameter): Name = "value"; Value = "22uF"; VariantName = "[No Variations]"
Added Component: Designator=J1(AMPHENOL_10118192-0001LF)
Add component. Clean all parameters for all variants
Add component (AddParameter): Name = "Availability"; Value = "Unavailable"; VariantName = "[No Variations]"
Add component (AddParameter): Name = "MF"; Value = ""; VariantName = "[No Variations]"
Add component (AddParameter): Name = "MP"; Value = "10118192-0001LF"; VariantName = "[No Variations]"
Add component (AddParameter): Name = "Package"; Value = "None"; VariantName = "[No Variations]"
Add component (AddParameter): Name = "Price"; Value = "None"; VariantName = "[No Variations]"
Add component (AddParameter): Name = "Value"; Value = ""; VariantName = "[No Variations]"
Added Component: Designator=J2(FP-5004-MFG)
Add component. Clean all parameters for all variants
Add component (AddParameter): Name = "ComponentLink2Description"; Value = "Datasheet"; VariantName = "[No Variations]"
Add component (AddParameter): Name = "ComponentLink2URL"; Value = "https://www.keyelco.com/product-pdf.cfm?p=1313"; VariantName = "[No Variations]"
Add component (AddParameter): Name = "Datasheet"; Value = "https://datasheet.lcsc.com/lcsc/2201121200_Keystone-5004_C2906762.pdf"; VariantName = "[No Variations]"
Add component (AddParameter): Name = "LCSC Part #"; Value = "C2906762"; VariantName = "[No Variations]"
Add component (AddParameter): Name = "Manufacturer"; Value = "Keystone"; VariantName = "[No Variations]"
Add component (AddParameter): Name = "Mfr. Part #"; Value = "5004"; VariantName = "[No Variations]"
Add component (AddParameter): Name = "Package"; Value = "5004"; VariantName = "[No Variations]"
Added Component: Designator=J3(FP-5004-MFG)
Add component. Clean all parameters for all variants
Add component (AddParameter): Name = "ComponentLink2Description"; Value = "Datasheet"; VariantName = "[No Variations]"
Add component (AddParameter): Name = "ComponentLink2URL"; Value = "https://www.keyelco.com/product-pdf.cfm?p=1313"; VariantName = "[No Variations]"
Add component (AddParameter): Name = "Datasheet"; Value = "https://datasheet.lcsc.com/lcsc/2201121200_Keystone-5004_C2906762.pdf"; VariantName = "[No Variations]"
Add component (AddParameter): Name = "LCSC Part #"; Value = "C2906762"; VariantName = "[No Variations]"
Add component (AddParameter): Name = "Manufacturer"; Value = "Keystone"; VariantName = "[No Variations]"
Add component (AddParameter): Name = "Mfr. Part #"; Value = "5004"; VariantName = "[No Variations]"
Add component (AddParameter): Name = "Package"; Value = "5004"; VariantName = "[No Variations]"
Added Component: Designator=J4(FP-5004-MFG)
Add component. Clean all parameters for all variants
Add component (AddParameter): Name = "ComponentLink2Description"; Value = "Datasheet"; VariantName = "[No Variations]"
Add component (AddParameter): Name = "ComponentLink2URL"; Value = "https://www.keyelco.com/product-pdf.cfm?p=1313"; VariantName = "[No Variations]"
Add component (AddParameter): Name = "Datasheet"; Value = "https://datasheet.lcsc.com/lcsc/2201121200_Keystone-5004_C2906762.pdf"; VariantName = "[No Variations]"
Add component (AddParameter): Name = "LCSC Part #"; Value = "C2906762"; VariantName = "[No Variations]"
Add component (AddParameter): Name = "Manufacturer"; Value = "Keystone"; VariantName = "[No Variations]"
Add component (AddParameter): Name = "Mfr. Part #"; Value = "5004"; VariantName = "[No Variations]"
Add component (AddParameter): Name = "Package"; Value = "5004"; VariantName = "[No Variations]"
Added Component: Designator=M1(ESP32-DEVKIT-V1)
Add component. Clean all parameters for all variants
Added Component: Designator=P1(HDR1X6)
Add component. Clean all parameters for all variants
Add component (AddParameter): Name = "LatestRevisionDate"; Value = "17-Jul-2002"; VariantName = "[No Variations]"
Add component (AddParameter): Name = "LatestRevisionNote"; Value = "Re-released for DXP Platform."; VariantName = "[No Variations]"
Add component (AddParameter): Name = "Publisher"; Value = "Altium Limited"; VariantName = "[No Variations]"
Added Component: Designator=P2(HDR1X4)
Add component. Clean all parameters for all variants
Add component (AddParameter): Name = "LatestRevisionDate"; Value = "17-Jul-2002"; VariantName = "[No Variations]"
Add component (AddParameter): Name = "LatestRevisionNote"; Value = "Re-released for DXP Platform."; VariantName = "[No Variations]"
Add component (AddParameter): Name = "Publisher"; Value = "Altium Limited"; VariantName = "[No Variations]"
Added Component: Designator=P3(HDR1X4)
Add component. Clean all parameters for all variants
Add component (AddParameter): Name = "LatestRevisionDate"; Value = "17-Jul-2002"; VariantName = "[No Variations]"
Add component (AddParameter): Name = "LatestRevisionNote"; Value = "Re-released for DXP Platform."; VariantName = "[No Variations]"
Add component (AddParameter): Name = "Publisher"; Value = "Altium Limited"; VariantName = "[No Variations]"
Added Component: Designator=P4(HDR1X4)
Add component. Clean all parameters for all variants
Add component (AddParameter): Name = "LatestRevisionDate"; Value = "17-Jul-2002"; VariantName = "[No Variations]"
Add component (AddParameter): Name = "LatestRevisionNote"; Value = "Re-released for DXP Platform."; VariantName = "[No Variations]"
Add component (AddParameter): Name = "Publisher"; Value = "Altium Limited"; VariantName = "[No Variations]"
Added Component: Designator=P5(HDR1X4)
Add component. Clean all parameters for all variants
Add component (AddParameter): Name = "LatestRevisionDate"; Value = "17-Jul-2002"; VariantName = "[No Variations]"
Add component (AddParameter): Name = "LatestRevisionNote"; Value = "Re-released for DXP Platform."; VariantName = "[No Variations]"
Add component (AddParameter): Name = "Publisher"; Value = "Altium Limited"; VariantName = "[No Variations]"
Added Component: Designator=P6(HDR1X4)
Add component. Clean all parameters for all variants
Add component (AddParameter): Name = "LatestRevisionDate"; Value = "17-Jul-2002"; VariantName = "[No Variations]"
Add component (AddParameter): Name = "LatestRevisionNote"; Value = "Re-released for DXP Platform."; VariantName = "[No Variations]"
Add component (AddParameter): Name = "Publisher"; Value = "Altium Limited"; VariantName = "[No Variations]"
Added Component: Designator=PMS5003 PM2.5 Sensor(PMS5003 PM2.5 Sensor)
Add component. Clean all parameters for all variants
Added Component: Designator=R1(FP-RC0402-0_4-IPC_A)
Add component. Clean all parameters for all variants
Add component (AddParameter): Name = "Datasheet"; Value = "https://www.lcsc.com/product-detail/Chip-Resistor-Surface-Mount_YAGEO-RC0402FR-070RL_C106231.html"; VariantName = "[No Variations]"
Add component (AddParameter): Name = "LCSC Part #"; Value = "C106231"; VariantName = "[No Variations]"
Add component (AddParameter): Name = "Manufacturer"; Value = "Yageo"; VariantName = "[No Variations]"
Add component (AddParameter): Name = "Mfr. Part #"; Value = "RC0402FR-070RL"; VariantName = "[No Variations]"
Add component (AddParameter): Name = "Package"; Value = "0402"; VariantName = "[No Variations]"
Add component (AddParameter): Name = "value"; Value = "0R"; VariantName = "[No Variations]"
Added Component: Designator=R2(FP-RC0402-0_4-IPC_A)
Add component. Clean all parameters for all variants
Add component (AddParameter): Name = "Datasheet"; Value = "https://www.lcsc.com/product-detail/Chip-Resistor-Surface-Mount_YAGEO-RC0402FR-070RL_C106231.html"; VariantName = "[No Variations]"
Add component (AddParameter): Name = "LCSC Part #"; Value = "C106231"; VariantName = "[No Variations]"
Add component (AddParameter): Name = "Manufacturer"; Value = "Yageo"; VariantName = "[No Variations]"
Add component (AddParameter): Name = "Mfr. Part #"; Value = "RC0402FR-070RL"; VariantName = "[No Variations]"
Add component (AddParameter): Name = "Package"; Value = "0402"; VariantName = "[No Variations]"
Add component (AddParameter): Name = "value"; Value = "0R"; VariantName = "[No Variations]"
Added Component: Designator=R3(FP-RC0402-0_4-IPC_A)
Add component. Clean all parameters for all variants
Add component (AddParameter): Name = "Datasheet"; Value = "https://www.lcsc.com/product-detail/Chip-Resistor-Surface-Mount_YAGEO-RC0402FR-070RL_C106231.html"; VariantName = "[No Variations]"
Add component (AddParameter): Name = "LCSC Part #"; Value = "C106231"; VariantName = "[No Variations]"
Add component (AddParameter): Name = "Manufacturer"; Value = "Yageo"; VariantName = "[No Variations]"
Add component (AddParameter): Name = "Mfr. Part #"; Value = "RC0402FR-070RL"; VariantName = "[No Variations]"
Add component (AddParameter): Name = "Package"; Value = "0402"; VariantName = "[No Variations]"
Add component (AddParameter): Name = "value"; Value = "0R"; VariantName = "[No Variations]"
Added Component: Designator=R4(RESC1005X40X25LL05T10)
Add component. Clean all parameters for all variants
Add component (AddParameter): Name = "Datasheet"; Value = "https://datasheet.lcsc.com/lcsc/1809301715_YAGEO-RC0402FR-0710KL_C60490.pdf"; VariantName = "[No Variations]"
Add component (AddParameter): Name = "LCSC Part #"; Value = "C60490"; VariantName = "[No Variations]"
Add component (AddParameter): Name = "Manufacturer"; Value = "Yageo / Phycomp"; VariantName = "[No Variations]"
Add component (AddParameter): Name = "Mfr. Part #"; Value = "RC0402FR-0710KL"; VariantName = "[No Variations]"
Add component (AddParameter): Name = "Package"; Value = "0402"; VariantName = "[No Variations]"
Add component (AddParameter): Name = "value"; Value = "10kO"; VariantName = "[No Variations]"
Added Component: Designator=R5(RESC1005X40X25LL05T10)
Add component. Clean all parameters for all variants
Add component (AddParameter): Name = "Datasheet"; Value = "https://datasheet.lcsc.com/lcsc/1809301715_YAGEO-RC0402FR-0710KL_C60490.pdf"; VariantName = "[No Variations]"
Add component (AddParameter): Name = "LCSC Part #"; Value = "C60490"; VariantName = "[No Variations]"
Add component (AddParameter): Name = "Manufacturer"; Value = "Yageo / Phycomp"; VariantName = "[No Variations]"
Add component (AddParameter): Name = "Mfr. Part #"; Value = "RC0402FR-0710KL"; VariantName = "[No Variations]"
Add component (AddParameter): Name = "Package"; Value = "0402"; VariantName = "[No Variations]"
Add component (AddParameter): Name = "value"; Value = "10kO"; VariantName = "[No Variations]"
Added Component: Designator=SDS011(dispay)
Add component. Clean all parameters for all variants
Added Pin To Net: NetName=3.3V Pin=J3-1
Added Pin To Net: NetName=3.3V Pin=P1-1
Added Pin To Net: NetName=3.3V Pin=P4-1
Added Pin To Net: NetName=3.3V Pin=P5-1
Added Pin To Net: NetName=3.3V Pin=P6-2
Added Pin To Net: NetName=3.3V Pin=R2-2
Added Pin To Net: NetName=3.3V Pin=R4-2
Added Pin To Net: NetName=3.3V Pin=R5-2
Added Net: Name=3.3V
Added Pin To Net: NetName=5V Pin=AMS1117-3
Added Pin To Net: NetName=5V Pin=C1-2
Added Pin To Net: NetName=5V Pin=J2-1
Added Pin To Net: NetName=5V Pin=P1-2
Added Pin To Net: NetName=5V Pin=P2-1
Added Pin To Net: NetName=5V Pin=P3-1
Added Pin To Net: NetName=5V Pin=PMS5003 PM2.5 Sensor-VCC
Added Pin To Net: NetName=5V Pin=R1-2
Added Pin To Net: NetName=5V Pin=R3-1
Added Pin To Net: NetName=5V Pin=SDS011-VCC
Added Net: Name=5V
Added Pin To Net: NetName=D+ Pin=J1-3
Added Pin To Net: NetName=D+ Pin=P1-4
Added Net: Name=D+
Added Pin To Net: NetName=D- Pin=J1-2
Added Pin To Net: NetName=D- Pin=P1-3
Added Net: Name=D-
Added Pin To Net: NetName=GND Pin=AMS1117-1
Added Pin To Net: NetName=GND Pin=C1-1
Added Pin To Net: NetName=GND Pin=C2-2
Added Pin To Net: NetName=GND Pin=J1-5
Added Pin To Net: NetName=GND Pin=J1-SH1
Added Pin To Net: NetName=GND Pin=J1-SH2
Added Pin To Net: NetName=GND Pin=J1-SH3
Added Pin To Net: NetName=GND Pin=J1-SH4
Added Pin To Net: NetName=GND Pin=J1-SH5
Added Pin To Net: NetName=GND Pin=J1-SH6
Added Pin To Net: NetName=GND Pin=J4-1
Added Pin To Net: NetName=GND Pin=M1-2
Added Pin To Net: NetName=GND Pin=M1-29
Added Pin To Net: NetName=GND Pin=P1-6
Added Pin To Net: NetName=GND Pin=P2-4
Added Pin To Net: NetName=GND Pin=P3-4
Added Pin To Net: NetName=GND Pin=P4-2
Added Pin To Net: NetName=GND Pin=P5-2
Added Pin To Net: NetName=GND Pin=P6-1
Added Pin To Net: NetName=GND Pin=PMS5003 PM2.5 Sensor-GND
Added Pin To Net: NetName=GND Pin=SDS011-GND
Added Net: Name=GND
Added Pin To Net: NetName=ID Pin=J1-4
Added Pin To Net: NetName=ID Pin=P1-5
Added Net: Name=ID
Added Pin To Net: NetName=NetAMS1117_2 Pin=AMS1117-2
Added Pin To Net: NetName=NetAMS1117_2 Pin=C2-1
Added Pin To Net: NetName=NetAMS1117_2 Pin=R2-1
Added Net: Name=NetAMS1117_2
Added Pin To Net: NetName=NetJ1_1 Pin=J1-1
Added Pin To Net: NetName=NetJ1_1 Pin=R1-1
Added Net: Name=NetJ1_1
Added Pin To Net: NetName=NetM1_5 Pin=M1-5
Added Pin To Net: NetName=NetM1_5 Pin=P3-3
Added Net: Name=NetM1_5
Added Pin To Net: NetName=NetM1_6 Pin=M1-6
Added Pin To Net: NetName=NetM1_6 Pin=PMS5003 PM2.5 Sensor-TX
Added Net: Name=NetM1_6
Added Pin To Net: NetName=NetM1_7 Pin=M1-7
Added Pin To Net: NetName=NetM1_7 Pin=PMS5003 PM2.5 Sensor-RX
Added Net: Name=NetM1_7
Added Pin To Net: NetName=NetM1_12 Pin=M1-12
Added Pin To Net: NetName=NetM1_12 Pin=P6-3
Added Net: Name=NetM1_12
Added Pin To Net: NetName=NetM1_13 Pin=M1-13
Added Pin To Net: NetName=NetM1_13 Pin=P6-4
Added Net: Name=NetM1_13
Added Pin To Net: NetName=NetM1_20 Pin=M1-20
Added Pin To Net: NetName=NetM1_20 Pin=P2-3
Added Net: Name=NetM1_20
Added Pin To Net: NetName=NetM1_23 Pin=M1-23
Added Pin To Net: NetName=NetM1_23 Pin=PMS5003 PM2.5 Sensor-RESET
Added Pin To Net: NetName=NetM1_23 Pin=R5-1
Added Net: Name=NetM1_23
Added Pin To Net: NetName=NetM1_24 Pin=M1-24
Added Pin To Net: NetName=NetM1_24 Pin=PMS5003 PM2.5 Sensor-SET
Added Pin To Net: NetName=NetM1_24 Pin=R4-1
Added Net: Name=NetM1_24
Added Pin To Net: NetName=NetM1_30 Pin=M1-30
Added Pin To Net: NetName=NetM1_30 Pin=R3-2
Added Net: Name=NetM1_30
Added Pin To Net: NetName=SCL Pin=M1-14
Added Pin To Net: NetName=SCL Pin=P4-3
Added Pin To Net: NetName=SCL Pin=P5-3
Added Pin To Net: NetName=SCL Pin=SDS011-SCL
Added Net: Name=SCL
Added Pin To Net: NetName=SDA Pin=M1-11
Added Pin To Net: NetName=SDA Pin=P4-4
Added Pin To Net: NetName=SDA Pin=P5-4
Added Pin To Net: NetName=SDA Pin=SDS011-SDA
Added Net: Name=SDA
Added Member To Class: ClassName=5V to 3.3V regulator Member=Component AMS1117 IC1
Added Member To Class: ClassName=5V to 3.3V regulator Member=Component C1 10uF
Added Member To Class: ClassName=5V to 3.3V regulator Member=Component C2 22uF
Added Member To Class: ClassName=5V to 3.3V regulator Member=Component J1 10118192-0001LF
Added Member To Class: ClassName=5V to 3.3V regulator Member=Component J2 5004
Added Member To Class: ClassName=5V to 3.3V regulator Member=Component J3 5004
Added Member To Class: ClassName=5V to 3.3V regulator Member=Component J4 5004
Added Member To Class: ClassName=air qulity monitor Member=Component M1 ESP32-WROOM-32
Added Member To Class: ClassName=air qulity monitor Member=Component P1 Header 6
Added Member To Class: ClassName=air qulity monitor Member=Component P2 MQ7 sensor Header
Added Member To Class: ClassName=air qulity monitor Member=Component P3 MQ131 sensor Header
Added Member To Class: ClassName=air qulity monitor Member=Component P4 Si7021 Sensor Header
Added Member To Class: ClassName=air qulity monitor Member=Component P5 SGP30 Sensor Header
Added Member To Class: ClassName=air qulity monitor Member=Component P6 Header 4
Added Member To Class: ClassName=air qulity monitor Member=Component PMS5003 PM2.5 Sensor
Added Member To Class: ClassName=5V to 3.3V regulator Member=Component R1 0R
Added Member To Class: ClassName=5V to 3.3V regulator Member=Component R2 0R
Added Member To Class: ClassName=air qulity monitor Member=Component R3 0R
Added Member To Class: ClassName=air qulity monitor Member=Component R4 10kO
Added Member To Class: ClassName=air qulity monitor Member=Component R5 10kO
Added Member To Class: ClassName=air qulity monitor Member=Component SDS011 Pin Header x4 - Display
Added Room: Name=5V to 3.3V regulator
Added Room: Name=air qulity monitor
